<?xml version="1.0" encoding="UTF-8"?>
<testsuite name="kuaishuoquna.web.HomeControllerTest" tests="1" skipped="0" failures="0" errors="0" timestamp="2016-04-18T02:54:37" hostname="CNyzhou.local" time="0.108">
  <properties/>
  <testcase name="shouldGetMessageFromHelloService" classname="kuaishuoquna.web.HomeControllerTest" time="0.108"/>
  <system-out><![CDATA[]]></system-out>
  <system-err><![CDATA[]]></system-err>
</testsuite>
