<?xml version="1.0" encoding="UTF-8"?>
<testsuite name="functional.kuaishuoquna.HelloMessageJourneyTest" tests="1" skipped="0" failures="1" errors="0" timestamp="2016-03-26T15:45:29" hostname="CNyzhou.local" time="3.1">
  <properties/>
  <testcase name="shouldDisplayHelloTWUMessage" classname="functional.kuaishuoquna.HelloMessageJourneyTest" time="3.1">
    <failure message="org.junit.ComparisonFailure: expected:&lt;H[ello TWU!!]&gt; but was:&lt;H[ome]&gt;" type="org.junit.ComparisonFailure">org.junit.ComparisonFailure: expected:&lt;H[ello TWU!!]&gt; but was:&lt;H[ome]&gt;
	at org.junit.Assert.assertEquals(Assert.java:115)
	at org.junit.Assert.assertEquals(Assert.java:144)
	at functional.kuaishuoquna.HelloMessageJourneyTest.shouldDisplayHelloTWUMessage(HelloMessageJourneyTest.java:26)
	at sun.reflect.NativeMethodAccessorImpl.invoke0(Native Method)
	at sun.reflect.NativeMethodAccessorImpl.invoke(NativeMethodAccessorImpl.java:57)
	at sun.reflect.DelegatingMethodAccessorImpl.invoke(DelegatingMethodAccessorImpl.java:43)
	at java.lang.reflect.Method.invoke(Method.java:606)
	at org.junit.runners.model.FrameworkMethod$1.runReflectiveCall(FrameworkMethod.java:47)
	at org.junit.internal.runners.model.ReflectiveCallable.run(ReflectiveCallable.java:12)
	at org.junit.runners.model.FrameworkMethod.invokeExplosively(FrameworkMethod.java:44)
	at org.junit.internal.runners.statements.InvokeMethod.evaluate(InvokeMethod.java:17)
	at org.junit.internal.runners.statements.RunBefores.evaluate(RunBefores.java:26)
	at org.junit.internal.runners.statements.RunAfters.evaluate(RunAfters.java:27)
	at org.junit.runners.ParentRunner.runLeaf(ParentRunner.java:271)
	at org.junit.runners.BlockJUnit4ClassRunner.runChild(BlockJUnit4ClassRunner.java:70)
	at org.junit.runners.BlockJUnit4ClassRunner.runChild(BlockJUnit4ClassRunner.java:50)
	at org.junit.runners.ParentRunner$3.run(ParentRunner.java:238)
	at org.junit.runners.ParentRunner$1.schedule(ParentRunner.java:63)
	at org.junit.runners.ParentRunner.runChildren(ParentRunner.java:236)
	at org.junit.runners.ParentRunner.access$000(ParentRunner.java:53)
	at org.junit.runners.ParentRunner$2.evaluate(ParentRunner.java:229)
	at org.junit.runners.ParentRunner.run(ParentRunner.java:309)
	at org.gradle.api.internal.tasks.testing.junit.JUnitTestClassExecuter.runTestClass(JUnitTestClassExecuter.java:86)
	at org.gradle.api.internal.tasks.testing.junit.JUnitTestClassExecuter.execute(JUnitTestClassExecuter.java:49)
	at org.gradle.api.internal.tasks.testing.junit.JUnitTestClassProcessor.processTestClass(JUnitTestClassProcessor.java:69)
	at org.gradle.api.internal.tasks.testing.SuiteTestClassProcessor.processTestClass(SuiteTestClassProcessor.java:48)
	at sun.reflect.NativeMethodAccessorImpl.invoke0(Native Method)
	at sun.reflect.NativeMethodAccessorImpl.invoke(NativeMethodAccessorImpl.java:57)
	at sun.reflect.DelegatingMethodAccessorImpl.invoke(DelegatingMethodAccessorImpl.java:43)
	at java.lang.reflect.Method.invoke(Method.java:606)
	at org.gradle.messaging.dispatch.ReflectionDispatch.dispatch(ReflectionDispatch.java:35)
	at org.gradle.messaging.dispatch.ReflectionDispatch.dispatch(ReflectionDispatch.java:24)
	at org.gradle.messaging.dispatch.ContextClassLoaderDispatch.dispatch(ContextClassLoaderDispatch.java:32)
	at org.gradle.messaging.dispatch.ProxyDispatchAdapter$DispatchingInvocationHandler.invoke(ProxyDispatchAdapter.java:93)
	at com.sun.proxy.$Proxy2.processTestClass(Unknown Source)
	at org.gradle.api.internal.tasks.testing.worker.TestWorker.processTestClass(TestWorker.java:105)
	at sun.reflect.NativeMethodAccessorImpl.invoke0(Native Method)
	at sun.reflect.NativeMethodAccessorImpl.invoke(NativeMethodAccessorImpl.java:57)
	at sun.reflect.DelegatingMethodAccessorImpl.invoke(DelegatingMethodAccessorImpl.java:43)
	at java.lang.reflect.Method.invoke(Method.java:606)
	at org.gradle.messaging.dispatch.ReflectionDispatch.dispatch(ReflectionDispatch.java:35)
	at org.gradle.messaging.dispatch.ReflectionDispatch.dispatch(ReflectionDispatch.java:24)
	at org.gradle.messaging.remote.internal.hub.MessageHub$Handler.run(MessageHub.java:355)
	at org.gradle.internal.concurrent.DefaultExecutorFactory$StoppableExecutorImpl$1.run(DefaultExecutorFactory.java:64)
	at java.util.concurrent.ThreadPoolExecutor.runWorker(ThreadPoolExecutor.java:1145)
	at java.util.concurrent.ThreadPoolExecutor$Worker.run(ThreadPoolExecutor.java:615)
	at java.lang.Thread.run(Thread.java:745)
</failure>
  </testcase>
  <system-out><![CDATA[21:15:31,517 DEBUG [org.apache.http.client.protocol.RequestAddCookies] CookieSpec selected: default
21:15:31,536 DEBUG [org.apache.http.client.protocol.RequestAuthCache] Auth cache not set in the context
21:15:31,538 DEBUG [org.apache.http.impl.conn.PoolingHttpClientConnectionManager] Connection request: [route: {}->http://127.0.0.1:7055][total kept alive: 0; route allocated: 0 of 2000; total allocated: 0 of 2000]
21:15:31,550 DEBUG [org.apache.http.impl.conn.PoolingHttpClientConnectionManager] Connection leased: [id: 0][route: {}->http://127.0.0.1:7055][total kept alive: 0; route allocated: 1 of 2000; total allocated: 1 of 2000]
21:15:31,552 DEBUG [org.apache.http.impl.execchain.MainClientExec] Opening connection {}->http://127.0.0.1:7055
21:15:31,553 DEBUG [org.apache.http.impl.conn.DefaultHttpClientConnectionOperator] Connecting to /127.0.0.1:7055
21:15:31,555 DEBUG [org.apache.http.impl.conn.DefaultHttpClientConnectionOperator] Connection established 127.0.0.1:51904<->127.0.0.1:7055
21:15:31,555 DEBUG [org.apache.http.impl.conn.DefaultManagedHttpClientConnection] http-outgoing-0: set socket timeout to 10800000
21:15:31,555 DEBUG [org.apache.http.impl.execchain.MainClientExec] Executing request POST /hub/session HTTP/1.1
21:15:31,555 DEBUG [org.apache.http.impl.execchain.MainClientExec] Target auth state: UNCHALLENGED
21:15:31,556 DEBUG [org.apache.http.impl.execchain.MainClientExec] Proxy auth state: UNCHALLENGED
21:15:31,557 DEBUG [org.apache.http.headers] http-outgoing-0 >> POST /hub/session HTTP/1.1
21:15:31,557 DEBUG [org.apache.http.headers] http-outgoing-0 >> Content-Type: application/json; charset=utf-8
21:15:31,557 DEBUG [org.apache.http.headers] http-outgoing-0 >> Content-Length: 105
21:15:31,558 DEBUG [org.apache.http.headers] http-outgoing-0 >> Host: 127.0.0.1:7055
21:15:31,558 DEBUG [org.apache.http.headers] http-outgoing-0 >> Connection: Keep-Alive
21:15:31,558 DEBUG [org.apache.http.headers] http-outgoing-0 >> User-Agent: Apache-HttpClient/4.5.1 (Java/1.7.0_79)
21:15:31,558 DEBUG [org.apache.http.headers] http-outgoing-0 >> Accept-Encoding: gzip,deflate
21:15:31,558 DEBUG [org.apache.http.wire] http-outgoing-0 >> "POST /hub/session HTTP/1.1[\r][\n]"
21:15:31,558 DEBUG [org.apache.http.wire] http-outgoing-0 >> "Content-Type: application/json; charset=utf-8[\r][\n]"
21:15:31,558 DEBUG [org.apache.http.wire] http-outgoing-0 >> "Content-Length: 105[\r][\n]"
21:15:31,558 DEBUG [org.apache.http.wire] http-outgoing-0 >> "Host: 127.0.0.1:7055[\r][\n]"
21:15:31,559 DEBUG [org.apache.http.wire] http-outgoing-0 >> "Connection: Keep-Alive[\r][\n]"
21:15:31,559 DEBUG [org.apache.http.wire] http-outgoing-0 >> "User-Agent: Apache-HttpClient/4.5.1 (Java/1.7.0_79)[\r][\n]"
21:15:31,559 DEBUG [org.apache.http.wire] http-outgoing-0 >> "Accept-Encoding: gzip,deflate[\r][\n]"
21:15:31,559 DEBUG [org.apache.http.wire] http-outgoing-0 >> "[\r][\n]"
21:15:31,559 DEBUG [org.apache.http.wire] http-outgoing-0 >> "{"desiredCapabilities":{"platform":"ANY","browserName":"firefox","version":""},"requiredCapabilities":{}}"
21:15:31,678 DEBUG [org.apache.http.wire] http-outgoing-0 << "HTTP/1.1 200 OK[\r][\n]"
21:15:31,678 DEBUG [org.apache.http.wire] http-outgoing-0 << "content-type: application/json; charset=UTF-8[\r][\n]"
21:15:31,678 DEBUG [org.apache.http.wire] http-outgoing-0 << "connection: close[\r][\n]"
21:15:31,678 DEBUG [org.apache.http.wire] http-outgoing-0 << "content-length: 422[\r][\n]"
21:15:31,678 DEBUG [org.apache.http.wire] http-outgoing-0 << "server: httpd.js[\r][\n]"
21:15:31,678 DEBUG [org.apache.http.wire] http-outgoing-0 << "date: Sat, 26 Mar 2016 15:45:31 GMT[\r][\n]"
21:15:31,679 DEBUG [org.apache.http.wire] http-outgoing-0 << "[\r][\n]"
21:15:31,681 DEBUG [org.apache.http.headers] http-outgoing-0 << HTTP/1.1 200 OK
21:15:31,681 DEBUG [org.apache.http.headers] http-outgoing-0 << content-type: application/json; charset=UTF-8
21:15:31,681 DEBUG [org.apache.http.headers] http-outgoing-0 << connection: close
21:15:31,681 DEBUG [org.apache.http.headers] http-outgoing-0 << content-length: 422
21:15:31,681 DEBUG [org.apache.http.headers] http-outgoing-0 << server: httpd.js
21:15:31,681 DEBUG [org.apache.http.headers] http-outgoing-0 << date: Sat, 26 Mar 2016 15:45:31 GMT
21:15:31,689 DEBUG [org.apache.http.wire] http-outgoing-0 << "{"name":"newSession","sessionId":"b4ca5214-5870-c745-b22a-6b28f1b183a0","status":0,"value":{"cssSelectorsEnabled":true,"browserName":"firefox","handlesAlerts":true,"javascriptEnabled":true,"nativeEvents":false,"platform":"Darwin","rotatable":false,"takesScreenshot":true,"version":"40.0.3","webStorageEnabled":true,"applicationCacheEnabled":true,"databaseEnabled":true,"locationContextEnabled":true,"acceptSslCerts":true}}"
21:15:31,689 DEBUG [org.apache.http.impl.conn.DefaultManagedHttpClientConnection] http-outgoing-0: Close connection
21:15:31,689 DEBUG [org.apache.http.impl.execchain.MainClientExec] Connection discarded
21:15:31,690 DEBUG [org.apache.http.impl.conn.PoolingHttpClientConnectionManager] Connection released: [id: 0][route: {}->http://127.0.0.1:7055][total kept alive: 0; route allocated: 0 of 2000; total allocated: 0 of 2000]
21:15:31,693 DEBUG [org.apache.http.client.protocol.RequestAddCookies] CookieSpec selected: default
21:15:31,693 DEBUG [org.apache.http.client.protocol.RequestAuthCache] Auth cache not set in the context
21:15:31,693 DEBUG [org.apache.http.impl.conn.PoolingHttpClientConnectionManager] Connection request: [route: {}->http://127.0.0.1:7055][total kept alive: 0; route allocated: 0 of 2000; total allocated: 0 of 2000]
21:15:31,693 DEBUG [org.apache.http.impl.conn.PoolingHttpClientConnectionManager] Connection leased: [id: 1][route: {}->http://127.0.0.1:7055][total kept alive: 0; route allocated: 1 of 2000; total allocated: 1 of 2000]
21:15:31,693 DEBUG [org.apache.http.impl.execchain.MainClientExec] Opening connection {}->http://127.0.0.1:7055
21:15:31,694 DEBUG [org.apache.http.impl.conn.DefaultHttpClientConnectionOperator] Connecting to /127.0.0.1:7055
21:15:31,694 DEBUG [org.apache.http.impl.conn.DefaultHttpClientConnectionOperator] Connection established 127.0.0.1:51905<->127.0.0.1:7055
21:15:31,694 DEBUG [org.apache.http.impl.conn.DefaultManagedHttpClientConnection] http-outgoing-1: set socket timeout to 10800000
21:15:31,694 DEBUG [org.apache.http.impl.execchain.MainClientExec] Executing request POST /hub/session/b4ca5214-5870-c745-b22a-6b28f1b183a0/url HTTP/1.1
21:15:31,694 DEBUG [org.apache.http.impl.execchain.MainClientExec] Target auth state: UNCHALLENGED
21:15:31,694 DEBUG [org.apache.http.impl.execchain.MainClientExec] Proxy auth state: UNCHALLENGED
21:15:31,694 DEBUG [org.apache.http.headers] http-outgoing-1 >> POST /hub/session/b4ca5214-5870-c745-b22a-6b28f1b183a0/url HTTP/1.1
21:15:31,694 DEBUG [org.apache.http.headers] http-outgoing-1 >> Content-Type: application/json; charset=utf-8
21:15:31,694 DEBUG [org.apache.http.headers] http-outgoing-1 >> Content-Length: 32
21:15:31,695 DEBUG [org.apache.http.headers] http-outgoing-1 >> Host: 127.0.0.1:7055
21:15:31,695 DEBUG [org.apache.http.headers] http-outgoing-1 >> Connection: Keep-Alive
21:15:31,695 DEBUG [org.apache.http.headers] http-outgoing-1 >> User-Agent: Apache-HttpClient/4.5.1 (Java/1.7.0_79)
21:15:31,695 DEBUG [org.apache.http.headers] http-outgoing-1 >> Accept-Encoding: gzip,deflate
21:15:31,695 DEBUG [org.apache.http.wire] http-outgoing-1 >> "POST /hub/session/b4ca5214-5870-c745-b22a-6b28f1b183a0/url HTTP/1.1[\r][\n]"
21:15:31,695 DEBUG [org.apache.http.wire] http-outgoing-1 >> "Content-Type: application/json; charset=utf-8[\r][\n]"
21:15:31,695 DEBUG [org.apache.http.wire] http-outgoing-1 >> "Content-Length: 32[\r][\n]"
21:15:31,695 DEBUG [org.apache.http.wire] http-outgoing-1 >> "Host: 127.0.0.1:7055[\r][\n]"
21:15:31,695 DEBUG [org.apache.http.wire] http-outgoing-1 >> "Connection: Keep-Alive[\r][\n]"
21:15:31,695 DEBUG [org.apache.http.wire] http-outgoing-1 >> "User-Agent: Apache-HttpClient/4.5.1 (Java/1.7.0_79)[\r][\n]"
21:15:31,695 DEBUG [org.apache.http.wire] http-outgoing-1 >> "Accept-Encoding: gzip,deflate[\r][\n]"
21:15:31,695 DEBUG [org.apache.http.wire] http-outgoing-1 >> "[\r][\n]"
21:15:31,695 DEBUG [org.apache.http.wire] http-outgoing-1 >> "{"url":"http://localhost:8080/"}"
21:15:32,677 DEBUG [org.apache.http.wire] http-outgoing-1 << "HTTP/1.1 200 OK[\r][\n]"
21:15:32,677 DEBUG [org.apache.http.wire] http-outgoing-1 << "content-type: application/json; charset=UTF-8[\r][\n]"
21:15:32,677 DEBUG [org.apache.http.wire] http-outgoing-1 << "connection: close[\r][\n]"
21:15:32,677 DEBUG [org.apache.http.wire] http-outgoing-1 << "content-length: 87[\r][\n]"
21:15:32,677 DEBUG [org.apache.http.wire] http-outgoing-1 << "server: httpd.js[\r][\n]"
21:15:32,677 DEBUG [org.apache.http.wire] http-outgoing-1 << "date: Sat, 26 Mar 2016 15:45:32 GMT[\r][\n]"
21:15:32,677 DEBUG [org.apache.http.wire] http-outgoing-1 << "[\r][\n]"
21:15:32,677 DEBUG [org.apache.http.headers] http-outgoing-1 << HTTP/1.1 200 OK
21:15:32,677 DEBUG [org.apache.http.headers] http-outgoing-1 << content-type: application/json; charset=UTF-8
21:15:32,677 DEBUG [org.apache.http.headers] http-outgoing-1 << connection: close
21:15:32,678 DEBUG [org.apache.http.headers] http-outgoing-1 << content-length: 87
21:15:32,678 DEBUG [org.apache.http.headers] http-outgoing-1 << server: httpd.js
21:15:32,678 DEBUG [org.apache.http.headers] http-outgoing-1 << date: Sat, 26 Mar 2016 15:45:32 GMT
21:15:32,678 DEBUG [org.apache.http.wire] http-outgoing-1 << "{"name":"get","sessionId":"b4ca5214-5870-c745-b22a-6b28f1b183a0","status":0,"value":""}"
21:15:32,678 DEBUG [org.apache.http.impl.conn.DefaultManagedHttpClientConnection] http-outgoing-1: Close connection
21:15:32,678 DEBUG [org.apache.http.impl.execchain.MainClientExec] Connection discarded
21:15:32,678 DEBUG [org.apache.http.impl.conn.PoolingHttpClientConnectionManager] Connection released: [id: 1][route: {}->http://127.0.0.1:7055][total kept alive: 0; route allocated: 0 of 2000; total allocated: 0 of 2000]
21:15:32,682 DEBUG [org.apache.http.client.protocol.RequestAddCookies] CookieSpec selected: default
21:15:32,682 DEBUG [org.apache.http.client.protocol.RequestAuthCache] Auth cache not set in the context
21:15:32,683 DEBUG [org.apache.http.impl.conn.PoolingHttpClientConnectionManager] Connection request: [route: {}->http://127.0.0.1:7055][total kept alive: 0; route allocated: 0 of 2000; total allocated: 0 of 2000]
21:15:32,683 DEBUG [org.apache.http.impl.conn.PoolingHttpClientConnectionManager] Connection leased: [id: 2][route: {}->http://127.0.0.1:7055][total kept alive: 0; route allocated: 1 of 2000; total allocated: 1 of 2000]
21:15:32,683 DEBUG [org.apache.http.impl.execchain.MainClientExec] Opening connection {}->http://127.0.0.1:7055
21:15:32,683 DEBUG [org.apache.http.impl.conn.DefaultHttpClientConnectionOperator] Connecting to /127.0.0.1:7055
21:15:32,683 DEBUG [org.apache.http.impl.conn.DefaultHttpClientConnectionOperator] Connection established 127.0.0.1:51908<->127.0.0.1:7055
21:15:32,683 DEBUG [org.apache.http.impl.conn.DefaultManagedHttpClientConnection] http-outgoing-2: set socket timeout to 10800000
21:15:32,683 DEBUG [org.apache.http.impl.execchain.MainClientExec] Executing request POST /hub/session/b4ca5214-5870-c745-b22a-6b28f1b183a0/element HTTP/1.1
21:15:32,683 DEBUG [org.apache.http.impl.execchain.MainClientExec] Target auth state: UNCHALLENGED
21:15:32,683 DEBUG [org.apache.http.impl.execchain.MainClientExec] Proxy auth state: UNCHALLENGED
21:15:32,684 DEBUG [org.apache.http.headers] http-outgoing-2 >> POST /hub/session/b4ca5214-5870-c745-b22a-6b28f1b183a0/element HTTP/1.1
21:15:32,684 DEBUG [org.apache.http.headers] http-outgoing-2 >> Content-Type: application/json; charset=utf-8
21:15:32,684 DEBUG [org.apache.http.headers] http-outgoing-2 >> Content-Length: 33
21:15:32,684 DEBUG [org.apache.http.headers] http-outgoing-2 >> Host: 127.0.0.1:7055
21:15:32,684 DEBUG [org.apache.http.headers] http-outgoing-2 >> Connection: Keep-Alive
21:15:32,684 DEBUG [org.apache.http.headers] http-outgoing-2 >> User-Agent: Apache-HttpClient/4.5.1 (Java/1.7.0_79)
21:15:32,684 DEBUG [org.apache.http.headers] http-outgoing-2 >> Accept-Encoding: gzip,deflate
21:15:32,684 DEBUG [org.apache.http.wire] http-outgoing-2 >> "POST /hub/session/b4ca5214-5870-c745-b22a-6b28f1b183a0/element HTTP/1.1[\r][\n]"
21:15:32,684 DEBUG [org.apache.http.wire] http-outgoing-2 >> "Content-Type: application/json; charset=utf-8[\r][\n]"
21:15:32,684 DEBUG [org.apache.http.wire] http-outgoing-2 >> "Content-Length: 33[\r][\n]"
21:15:32,684 DEBUG [org.apache.http.wire] http-outgoing-2 >> "Host: 127.0.0.1:7055[\r][\n]"
21:15:32,684 DEBUG [org.apache.http.wire] http-outgoing-2 >> "Connection: Keep-Alive[\r][\n]"
21:15:32,684 DEBUG [org.apache.http.wire] http-outgoing-2 >> "User-Agent: Apache-HttpClient/4.5.1 (Java/1.7.0_79)[\r][\n]"
21:15:32,684 DEBUG [org.apache.http.wire] http-outgoing-2 >> "Accept-Encoding: gzip,deflate[\r][\n]"
21:15:32,684 DEBUG [org.apache.http.wire] http-outgoing-2 >> "[\r][\n]"
21:15:32,684 DEBUG [org.apache.http.wire] http-outgoing-2 >> "{"using":"tag name","value":"h1"}"
21:15:32,718 DEBUG [org.apache.http.wire] http-outgoing-2 << "HTTP/1.1 200 OK[\r][\n]"
21:15:32,719 DEBUG [org.apache.http.wire] http-outgoing-2 << "content-type: application/json; charset=UTF-8[\r][\n]"
21:15:32,719 DEBUG [org.apache.http.wire] http-outgoing-2 << "connection: close[\r][\n]"
21:15:32,719 DEBUG [org.apache.http.wire] http-outgoing-2 << "content-length: 224[\r][\n]"
21:15:32,719 DEBUG [org.apache.http.wire] http-outgoing-2 << "server: httpd.js[\r][\n]"
21:15:32,719 DEBUG [org.apache.http.wire] http-outgoing-2 << "date: Sat, 26 Mar 2016 15:45:32 GMT[\r][\n]"
21:15:32,719 DEBUG [org.apache.http.wire] http-outgoing-2 << "[\r][\n]"
21:15:32,719 DEBUG [org.apache.http.headers] http-outgoing-2 << HTTP/1.1 200 OK
21:15:32,719 DEBUG [org.apache.http.headers] http-outgoing-2 << content-type: application/json; charset=UTF-8
21:15:32,720 DEBUG [org.apache.http.headers] http-outgoing-2 << connection: close
21:15:32,720 DEBUG [org.apache.http.headers] http-outgoing-2 << content-length: 224
21:15:32,720 DEBUG [org.apache.http.headers] http-outgoing-2 << server: httpd.js
21:15:32,720 DEBUG [org.apache.http.headers] http-outgoing-2 << date: Sat, 26 Mar 2016 15:45:32 GMT
21:15:32,721 DEBUG [org.apache.http.wire] http-outgoing-2 << "{"name":"findElement","sessionId":"b4ca5214-5870-c745-b22a-6b28f1b183a0","status":0,"value":{"ELEMENT":"{d505a441-cc5b-c64a-8bf6-bf0772de72e0}","element-6066-11e4-a52e-4f735466cecf":"{d505a441-cc5b-c64a-8bf6-bf0772de72e0}"}}"
21:15:32,721 DEBUG [org.apache.http.impl.conn.DefaultManagedHttpClientConnection] http-outgoing-2: Close connection
21:15:32,721 DEBUG [org.apache.http.impl.execchain.MainClientExec] Connection discarded
21:15:32,721 DEBUG [org.apache.http.impl.conn.PoolingHttpClientConnectionManager] Connection released: [id: 2][route: {}->http://127.0.0.1:7055][total kept alive: 0; route allocated: 0 of 2000; total allocated: 0 of 2000]
21:15:32,726 DEBUG [org.apache.http.client.protocol.RequestAddCookies] CookieSpec selected: default
21:15:32,726 DEBUG [org.apache.http.client.protocol.RequestAuthCache] Auth cache not set in the context
21:15:32,726 DEBUG [org.apache.http.impl.conn.PoolingHttpClientConnectionManager] Connection request: [route: {}->http://127.0.0.1:7055][total kept alive: 0; route allocated: 0 of 2000; total allocated: 0 of 2000]
21:15:32,726 DEBUG [org.apache.http.impl.conn.PoolingHttpClientConnectionManager] Connection leased: [id: 3][route: {}->http://127.0.0.1:7055][total kept alive: 0; route allocated: 1 of 2000; total allocated: 1 of 2000]
21:15:32,726 DEBUG [org.apache.http.impl.execchain.MainClientExec] Opening connection {}->http://127.0.0.1:7055
21:15:32,726 DEBUG [org.apache.http.impl.conn.DefaultHttpClientConnectionOperator] Connecting to /127.0.0.1:7055
21:15:32,726 DEBUG [org.apache.http.impl.conn.DefaultHttpClientConnectionOperator] Connection established 127.0.0.1:51909<->127.0.0.1:7055
21:15:32,726 DEBUG [org.apache.http.impl.conn.DefaultManagedHttpClientConnection] http-outgoing-3: set socket timeout to 10800000
21:15:32,726 DEBUG [org.apache.http.impl.execchain.MainClientExec] Executing request GET /hub/session/b4ca5214-5870-c745-b22a-6b28f1b183a0/element/%7Bd505a441-cc5b-c64a-8bf6-bf0772de72e0%7D/text HTTP/1.1
21:15:32,726 DEBUG [org.apache.http.impl.execchain.MainClientExec] Target auth state: UNCHALLENGED
21:15:32,727 DEBUG [org.apache.http.impl.execchain.MainClientExec] Proxy auth state: UNCHALLENGED
21:15:32,727 DEBUG [org.apache.http.headers] http-outgoing-3 >> GET /hub/session/b4ca5214-5870-c745-b22a-6b28f1b183a0/element/%7Bd505a441-cc5b-c64a-8bf6-bf0772de72e0%7D/text HTTP/1.1
21:15:32,727 DEBUG [org.apache.http.headers] http-outgoing-3 >> Cache-Control: no-cache
21:15:32,727 DEBUG [org.apache.http.headers] http-outgoing-3 >> Host: 127.0.0.1:7055
21:15:32,727 DEBUG [org.apache.http.headers] http-outgoing-3 >> Connection: Keep-Alive
21:15:32,727 DEBUG [org.apache.http.headers] http-outgoing-3 >> User-Agent: Apache-HttpClient/4.5.1 (Java/1.7.0_79)
21:15:32,727 DEBUG [org.apache.http.headers] http-outgoing-3 >> Accept-Encoding: gzip,deflate
21:15:32,727 DEBUG [org.apache.http.wire] http-outgoing-3 >> "GET /hub/session/b4ca5214-5870-c745-b22a-6b28f1b183a0/element/%7Bd505a441-cc5b-c64a-8bf6-bf0772de72e0%7D/text HTTP/1.1[\r][\n]"
21:15:32,727 DEBUG [org.apache.http.wire] http-outgoing-3 >> "Cache-Control: no-cache[\r][\n]"
21:15:32,727 DEBUG [org.apache.http.wire] http-outgoing-3 >> "Host: 127.0.0.1:7055[\r][\n]"
21:15:32,727 DEBUG [org.apache.http.wire] http-outgoing-3 >> "Connection: Keep-Alive[\r][\n]"
21:15:32,727 DEBUG [org.apache.http.wire] http-outgoing-3 >> "User-Agent: Apache-HttpClient/4.5.1 (Java/1.7.0_79)[\r][\n]"
21:15:32,727 DEBUG [org.apache.http.wire] http-outgoing-3 >> "Accept-Encoding: gzip,deflate[\r][\n]"
21:15:32,727 DEBUG [org.apache.http.wire] http-outgoing-3 >> "[\r][\n]"
21:15:32,735 DEBUG [org.apache.http.wire] http-outgoing-3 << "HTTP/1.1 200 OK[\r][\n]"
21:15:32,735 DEBUG [org.apache.http.wire] http-outgoing-3 << "content-type: application/json; charset=UTF-8[\r][\n]"
21:15:32,735 DEBUG [org.apache.http.wire] http-outgoing-3 << "connection: close[\r][\n]"
21:15:32,735 DEBUG [org.apache.http.wire] http-outgoing-3 << "content-length: 102[\r][\n]"
21:15:32,735 DEBUG [org.apache.http.wire] http-outgoing-3 << "server: httpd.js[\r][\n]"
21:15:32,735 DEBUG [org.apache.http.wire] http-outgoing-3 << "date: Sat, 26 Mar 2016 15:45:32 GMT[\r][\n]"
21:15:32,735 DEBUG [org.apache.http.wire] http-outgoing-3 << "[\r][\n]"
21:15:32,735 DEBUG [org.apache.http.headers] http-outgoing-3 << HTTP/1.1 200 OK
21:15:32,735 DEBUG [org.apache.http.headers] http-outgoing-3 << content-type: application/json; charset=UTF-8
21:15:32,735 DEBUG [org.apache.http.headers] http-outgoing-3 << connection: close
21:15:32,735 DEBUG [org.apache.http.headers] http-outgoing-3 << content-length: 102
21:15:32,735 DEBUG [org.apache.http.headers] http-outgoing-3 << server: httpd.js
21:15:32,735 DEBUG [org.apache.http.headers] http-outgoing-3 << date: Sat, 26 Mar 2016 15:45:32 GMT
21:15:32,736 DEBUG [org.apache.http.wire] http-outgoing-3 << "{"name":"getElementText","sessionId":"b4ca5214-5870-c745-b22a-6b28f1b183a0","status":0,"value":"Home"}"
21:15:32,736 DEBUG [org.apache.http.impl.conn.DefaultManagedHttpClientConnection] http-outgoing-3: Close connection
21:15:32,736 DEBUG [org.apache.http.impl.execchain.MainClientExec] Connection discarded
21:15:32,736 DEBUG [org.apache.http.impl.conn.PoolingHttpClientConnectionManager] Connection released: [id: 3][route: {}->http://127.0.0.1:7055][total kept alive: 0; route allocated: 0 of 2000; total allocated: 0 of 2000]
21:15:32,737 DEBUG [org.apache.http.client.protocol.RequestAddCookies] CookieSpec selected: default
21:15:32,737 DEBUG [org.apache.http.client.protocol.RequestAuthCache] Auth cache not set in the context
21:15:32,737 DEBUG [org.apache.http.impl.conn.PoolingHttpClientConnectionManager] Connection request: [route: {}->http://127.0.0.1:7055][total kept alive: 0; route allocated: 0 of 2000; total allocated: 0 of 2000]
21:15:32,737 DEBUG [org.apache.http.impl.conn.PoolingHttpClientConnectionManager] Connection leased: [id: 4][route: {}->http://127.0.0.1:7055][total kept alive: 0; route allocated: 1 of 2000; total allocated: 1 of 2000]
21:15:32,737 DEBUG [org.apache.http.impl.execchain.MainClientExec] Opening connection {}->http://127.0.0.1:7055
21:15:32,737 DEBUG [org.apache.http.impl.conn.DefaultHttpClientConnectionOperator] Connecting to /127.0.0.1:7055
21:15:32,738 DEBUG [org.apache.http.impl.conn.DefaultHttpClientConnectionOperator] Connection established 127.0.0.1:51910<->127.0.0.1:7055
21:15:32,738 DEBUG [org.apache.http.impl.conn.DefaultManagedHttpClientConnection] http-outgoing-4: set socket timeout to 10800000
21:15:32,738 DEBUG [org.apache.http.impl.execchain.MainClientExec] Executing request DELETE /hub/session/b4ca5214-5870-c745-b22a-6b28f1b183a0 HTTP/1.1
21:15:32,738 DEBUG [org.apache.http.impl.execchain.MainClientExec] Target auth state: UNCHALLENGED
21:15:32,738 DEBUG [org.apache.http.impl.execchain.MainClientExec] Proxy auth state: UNCHALLENGED
21:15:32,738 DEBUG [org.apache.http.headers] http-outgoing-4 >> DELETE /hub/session/b4ca5214-5870-c745-b22a-6b28f1b183a0 HTTP/1.1
21:15:32,738 DEBUG [org.apache.http.headers] http-outgoing-4 >> Host: 127.0.0.1:7055
21:15:32,738 DEBUG [org.apache.http.headers] http-outgoing-4 >> Connection: Keep-Alive
21:15:32,738 DEBUG [org.apache.http.headers] http-outgoing-4 >> User-Agent: Apache-HttpClient/4.5.1 (Java/1.7.0_79)
21:15:32,738 DEBUG [org.apache.http.headers] http-outgoing-4 >> Accept-Encoding: gzip,deflate
21:15:32,738 DEBUG [org.apache.http.wire] http-outgoing-4 >> "DELETE /hub/session/b4ca5214-5870-c745-b22a-6b28f1b183a0 HTTP/1.1[\r][\n]"
21:15:32,738 DEBUG [org.apache.http.wire] http-outgoing-4 >> "Host: 127.0.0.1:7055[\r][\n]"
21:15:32,738 DEBUG [org.apache.http.wire] http-outgoing-4 >> "Connection: Keep-Alive[\r][\n]"
21:15:32,738 DEBUG [org.apache.http.wire] http-outgoing-4 >> "User-Agent: Apache-HttpClient/4.5.1 (Java/1.7.0_79)[\r][\n]"
21:15:32,738 DEBUG [org.apache.http.wire] http-outgoing-4 >> "Accept-Encoding: gzip,deflate[\r][\n]"
21:15:32,738 DEBUG [org.apache.http.wire] http-outgoing-4 >> "[\r][\n]"
21:15:32,740 DEBUG [org.apache.http.wire] http-outgoing-4 << "HTTP/1.1 200 OK[\r][\n]"
21:15:32,740 DEBUG [org.apache.http.wire] http-outgoing-4 << "content-type: application/json; charset=UTF-8[\r][\n]"
21:15:32,740 DEBUG [org.apache.http.wire] http-outgoing-4 << "connection: close[\r][\n]"
21:15:32,740 DEBUG [org.apache.http.wire] http-outgoing-4 << "content-length: 88[\r][\n]"
21:15:32,740 DEBUG [org.apache.http.wire] http-outgoing-4 << "server: httpd.js[\r][\n]"
21:15:32,740 DEBUG [org.apache.http.wire] http-outgoing-4 << "date: Sat, 26 Mar 2016 15:45:32 GMT[\r][\n]"
21:15:32,740 DEBUG [org.apache.http.wire] http-outgoing-4 << "[\r][\n]"
21:15:32,740 DEBUG [org.apache.http.headers] http-outgoing-4 << HTTP/1.1 200 OK
21:15:32,740 DEBUG [org.apache.http.headers] http-outgoing-4 << content-type: application/json; charset=UTF-8
21:15:32,741 DEBUG [org.apache.http.headers] http-outgoing-4 << connection: close
21:15:32,741 DEBUG [org.apache.http.headers] http-outgoing-4 << content-length: 88
21:15:32,741 DEBUG [org.apache.http.headers] http-outgoing-4 << server: httpd.js
21:15:32,741 DEBUG [org.apache.http.headers] http-outgoing-4 << date: Sat, 26 Mar 2016 15:45:32 GMT
21:15:32,741 DEBUG [org.apache.http.wire] http-outgoing-4 << "{"name":"quit","sessionId":"b4ca5214-5870-c745-b22a-6b28f1b183a0","status":0,"value":""}"
21:15:32,741 DEBUG [org.apache.http.impl.conn.DefaultManagedHttpClientConnection] http-outgoing-4: Close connection
21:15:32,741 DEBUG [org.apache.http.impl.execchain.MainClientExec] Connection discarded
21:15:32,741 DEBUG [org.apache.http.impl.conn.PoolingHttpClientConnectionManager] Connection released: [id: 4][route: {}->http://127.0.0.1:7055][total kept alive: 0; route allocated: 0 of 2000; total allocated: 0 of 2000]
]]></system-out>
  <system-err><![CDATA[]]></system-err>
</testsuite>
