<?xml version="1.0" encoding="UTF-8"?>
<testsuite name="functional.kuaishuoquna.HelloMessageJourneyTest" tests="1" skipped="0" failures="1" errors="0" timestamp="2016-04-18T02:55:07" hostname="CNyzhou.local" time="45.823">
  <properties/>
  <testcase name="shouldDisplayHelloTWUMessage" classname="functional.kuaishuoquna.HelloMessageJourneyTest" time="45.823">
    <failure message="org.openqa.selenium.WebDriverException: Failed to connect to binary FirefoxBinary(/Applications/Firefox.app/Contents/MacOS/firefox-bin) on port 7055; process output follows: &#10;oreignInstall&quot;:false,&quot;hasBinaryComponents&quot;:false,&quot;strictCompatibility&quot;:false,&quot;locales&quot;:[],&quot;targetApplications&quot;:[{&quot;id&quot;:&quot;{ec8030f7-c20a-464f-9b0e-13a3a9e97384}&quot;,&quot;minVersion&quot;:&quot;45.0a1&quot;,&quot;maxVersion&quot;:&quot;45.0.1&quot;},{&quot;id&quot;:&quot;xpcshell@tests.mozilla.org&quot;,&quot;minVersion&quot;:&quot;0&quot;,&quot;maxVersion&quot;:&quot;10&quot;}],&quot;targetPlatforms&quot;:[],&quot;multiprocessCompatible&quot;:false,&quot;seen&quot;:true}&#10;1460948108030&#9;addons.xpi&#9;DEBUG&#9;getModTime: Recursive scan of loop@mozilla.org&#10;1460948108030&#9;addons.xpi&#9;DEBUG&#9;Updating XPIState for {&quot;id&quot;:&quot;{972ce4c6-7e08-4474-a285-3208198ce6fd}&quot;,&quot;syncGUID&quot;:&quot;OoQMx_E2GQOi&quot;,&quot;location&quot;:&quot;app-global&quot;,&quot;version&quot;:&quot;45.0.1&quot;,&quot;type&quot;:&quot;theme&quot;,&quot;internalName&quot;:&quot;classic/1.0&quot;,&quot;updateURL&quot;:null,&quot;updateKey&quot;:null,&quot;optionsURL&quot;:null,&quot;optionsType&quot;:null,&quot;aboutURL&quot;:null,&quot;icons&quot;:{&quot;32&quot;:&quot;icon.png&quot;,&quot;48&quot;:&quot;icon.png&quot;},&quot;iconURL&quot;:null,&quot;icon64URL&quot;:null,&quot;defaultLocale&quot;:{&quot;name&quot;:&quot;Default&quot;,&quot;description&quot;:&quot;The default theme.&quot;,&quot;creator&quot;:&quot;Mozilla&quot;,&quot;homepageURL&quot;:null,&quot;contributors&quot;:[&quot;Mozilla Contributors&quot;]},&quot;visible&quot;:true,&quot;active&quot;:true,&quot;userDisabled&quot;:false,&quot;appDisabled&quot;:false,&quot;descriptor&quot;:&quot;/Applications/Firefox.app/Contents/Resources/browser/extensions/{972ce4c6-7e08-4474-a285-3208198ce6fd}.xpi&quot;,&quot;installDate&quot;:1459510483000,&quot;updateDate&quot;:1459510483000,&quot;applyBackgroundUpdates&quot;:1,&quot;skinnable&quot;:true,&quot;size&quot;:7140,&quot;sourceURI&quot;:null,&quot;releaseNotesURI&quot;:null,&quot;softDisabled&quot;:false,&quot;foreignInstall&quot;:false,&quot;hasBinaryComponents&quot;:false,&quot;strictCompatibility&quot;:true,&quot;locales&quot;:[],&quot;targetApplications&quot;:[{&quot;id&quot;:&quot;{ec8030f7-c20a-464f-9b0e-13a3a9e97384}&quot;,&quot;minVersion&quot;:&quot;45.0.1&quot;,&quot;maxVersion&quot;:&quot;45.0.1&quot;}],&quot;targetPlatforms&quot;:[],&quot;seen&quot;:true}&#10;1460948108030&#9;addons.xpi&#9;DEBUG&#9;getModTime: Recursive scan of {972ce4c6-7e08-4474-a285-3208198ce6fd}&#10;1460948108030&#9;DeferredSave.extensions.json&#9;DEBUG&#9;Save changes&#10;1460948108031&#9;addons.xpi&#9;DEBUG&#9;Updating database with changes to installed add-ons&#10;1460948108031&#9;addons.xpi-utils&#9;DEBUG&#9;Updating add-on states&#10;1460948108031&#9;addons.xpi-utils&#9;DEBUG&#9;Writing add-ons list&#10;1460948108032&#9;addons.xpi&#9;DEBUG&#9;Registering manifest for /Applications/Firefox.app/Contents/Resources/browser/features/loop@mozilla.org.xpi&#10;1460948108032&#9;addons.xpi&#9;DEBUG&#9;Calling bootstrap method startup on loop@mozilla.org version 0.1&#10;1460948108040&#9;addons.manager&#9;DEBUG&#9;Starting provider: &lt;unnamed-provider&gt;&#10;1460948108040&#9;addons.manager&#9;DEBUG&#9;Registering shutdown blocker for &lt;unnamed-provider&gt;&#10;1460948108040&#9;addons.manager&#9;DEBUG&#9;Provider finished startup: &lt;unnamed-provider&gt;&#10;1460948108048&#9;addons.manager&#9;DEBUG&#9;Registering shutdown blocker for XPIProvider&#10;1460948108049&#9;addons.manager&#9;DEBUG&#9;Provider finished startup: XPIProvider&#10;1460948108049&#9;addons.manager&#9;DEBUG&#9;Starting provider: LightweightThemeManager&#10;1460948108049&#9;addons.manager&#9;DEBUG&#9;Registering shutdown blocker for LightweightThemeManager&#10;1460948108049&#9;addons.manager&#9;DEBUG&#9;Provider finished startup: LightweightThemeManager&#10;1460948108049&#9;addons.manager&#9;DEBUG&#9;Starting provider: GMPProvider&#10;1460948108052&#9;addons.manager&#9;DEBUG&#9;Registering shutdown blocker for GMPProvider&#10;1460948108052&#9;addons.manager&#9;DEBUG&#9;Provider finished startup: GMPProvider&#10;1460948108053&#9;addons.manager&#9;DEBUG&#9;Starting provider: PluginProvider&#10;1460948108053&#9;addons.manager&#9;DEBUG&#9;Registering shutdown blocker for PluginProvider&#10;1460948108053&#9;addons.manager&#9;DEBUG&#9;Provider finished startup: PluginProvider&#10;1460948108053&#9;addons.manager&#9;DEBUG&#9;Completed startup sequence&#10;1460948108251&#9;DeferredSave.extensions.json&#9;DEBUG&#9;Starting write&#10;1460948108326&#9;addons.repository&#9;DEBUG&#9;No addons.json found.&#10;1460948108327&#9;DeferredSave.addons.json&#9;DEBUG&#9;Save changes&#10;1460948108329&#9;DeferredSave.addons.json&#9;DEBUG&#9;Starting timer&#10;1460948108346&#9;addons.manager&#9;DEBUG&#9;Starting provider: PreviousExperimentProvider&#10;1460948108346&#9;addons.manager&#9;DEBUG&#9;Registering shutdown blocker for PreviousExperimentProvider&#10;1460948108346&#9;addons.manager&#9;DEBUG&#9;Provider finished startup: PreviousExperimentProvider&#10;1460948108347&#9;DeferredSave.extensions.json&#9;DEBUG&#9;Write succeeded&#10;1460948108348&#9;addons.xpi-utils&#9;DEBUG&#9;XPI Database saved, setting schema version preference to 17&#10;1460948108381&#9;DeferredSave.addons.json&#9;DEBUG&#9;Starting write&#10;1460948108414&#9;DeferredSave.addons.json&#9;DEBUG&#9;Write succeeded&#10;&#10;Build info: version: '2.48.2', revision: '41bccdd10cf2c0560f637404c2d96164b67d9d67', time: '2015-10-09 13:08:06'&#10;System info: host: 'CNyzhou.local', ip: '10.133.169.234', os.name: 'Mac OS X', os.arch: 'x86_64', os.version: '10.10.5', java.version: '1.7.0_79'&#10;Driver info: driver.version: FirefoxDriver" type="org.openqa.selenium.WebDriverException">org.openqa.selenium.WebDriverException: Failed to connect to binary FirefoxBinary(/Applications/Firefox.app/Contents/MacOS/firefox-bin) on port 7055; process output follows: 
oreignInstall&quot;:false,&quot;hasBinaryComponents&quot;:false,&quot;strictCompatibility&quot;:false,&quot;locales&quot;:[],&quot;targetApplications&quot;:[{&quot;id&quot;:&quot;{ec8030f7-c20a-464f-9b0e-13a3a9e97384}&quot;,&quot;minVersion&quot;:&quot;45.0a1&quot;,&quot;maxVersion&quot;:&quot;45.0.1&quot;},{&quot;id&quot;:&quot;xpcshell@tests.mozilla.org&quot;,&quot;minVersion&quot;:&quot;0&quot;,&quot;maxVersion&quot;:&quot;10&quot;}],&quot;targetPlatforms&quot;:[],&quot;multiprocessCompatible&quot;:false,&quot;seen&quot;:true}
1460948108030	addons.xpi	DEBUG	getModTime: Recursive scan of loop@mozilla.org
1460948108030	addons.xpi	DEBUG	Updating XPIState for {&quot;id&quot;:&quot;{972ce4c6-7e08-4474-a285-3208198ce6fd}&quot;,&quot;syncGUID&quot;:&quot;OoQMx_E2GQOi&quot;,&quot;location&quot;:&quot;app-global&quot;,&quot;version&quot;:&quot;45.0.1&quot;,&quot;type&quot;:&quot;theme&quot;,&quot;internalName&quot;:&quot;classic/1.0&quot;,&quot;updateURL&quot;:null,&quot;updateKey&quot;:null,&quot;optionsURL&quot;:null,&quot;optionsType&quot;:null,&quot;aboutURL&quot;:null,&quot;icons&quot;:{&quot;32&quot;:&quot;icon.png&quot;,&quot;48&quot;:&quot;icon.png&quot;},&quot;iconURL&quot;:null,&quot;icon64URL&quot;:null,&quot;defaultLocale&quot;:{&quot;name&quot;:&quot;Default&quot;,&quot;description&quot;:&quot;The default theme.&quot;,&quot;creator&quot;:&quot;Mozilla&quot;,&quot;homepageURL&quot;:null,&quot;contributors&quot;:[&quot;Mozilla Contributors&quot;]},&quot;visible&quot;:true,&quot;active&quot;:true,&quot;userDisabled&quot;:false,&quot;appDisabled&quot;:false,&quot;descriptor&quot;:&quot;/Applications/Firefox.app/Contents/Resources/browser/extensions/{972ce4c6-7e08-4474-a285-3208198ce6fd}.xpi&quot;,&quot;installDate&quot;:1459510483000,&quot;updateDate&quot;:1459510483000,&quot;applyBackgroundUpdates&quot;:1,&quot;skinnable&quot;:true,&quot;size&quot;:7140,&quot;sourceURI&quot;:null,&quot;releaseNotesURI&quot;:null,&quot;softDisabled&quot;:false,&quot;foreignInstall&quot;:false,&quot;hasBinaryComponents&quot;:false,&quot;strictCompatibility&quot;:true,&quot;locales&quot;:[],&quot;targetApplications&quot;:[{&quot;id&quot;:&quot;{ec8030f7-c20a-464f-9b0e-13a3a9e97384}&quot;,&quot;minVersion&quot;:&quot;45.0.1&quot;,&quot;maxVersion&quot;:&quot;45.0.1&quot;}],&quot;targetPlatforms&quot;:[],&quot;seen&quot;:true}
1460948108030	addons.xpi	DEBUG	getModTime: Recursive scan of {972ce4c6-7e08-4474-a285-3208198ce6fd}
1460948108030	DeferredSave.extensions.json	DEBUG	Save changes
1460948108031	addons.xpi	DEBUG	Updating database with changes to installed add-ons
1460948108031	addons.xpi-utils	DEBUG	Updating add-on states
1460948108031	addons.xpi-utils	DEBUG	Writing add-ons list
1460948108032	addons.xpi	DEBUG	Registering manifest for /Applications/Firefox.app/Contents/Resources/browser/features/loop@mozilla.org.xpi
1460948108032	addons.xpi	DEBUG	Calling bootstrap method startup on loop@mozilla.org version 0.1
1460948108040	addons.manager	DEBUG	Starting provider: &lt;unnamed-provider&gt;
1460948108040	addons.manager	DEBUG	Registering shutdown blocker for &lt;unnamed-provider&gt;
1460948108040	addons.manager	DEBUG	Provider finished startup: &lt;unnamed-provider&gt;
1460948108048	addons.manager	DEBUG	Registering shutdown blocker for XPIProvider
1460948108049	addons.manager	DEBUG	Provider finished startup: XPIProvider
1460948108049	addons.manager	DEBUG	Starting provider: LightweightThemeManager
1460948108049	addons.manager	DEBUG	Registering shutdown blocker for LightweightThemeManager
1460948108049	addons.manager	DEBUG	Provider finished startup: LightweightThemeManager
1460948108049	addons.manager	DEBUG	Starting provider: GMPProvider
1460948108052	addons.manager	DEBUG	Registering shutdown blocker for GMPProvider
1460948108052	addons.manager	DEBUG	Provider finished startup: GMPProvider
1460948108053	addons.manager	DEBUG	Starting provider: PluginProvider
1460948108053	addons.manager	DEBUG	Registering shutdown blocker for PluginProvider
1460948108053	addons.manager	DEBUG	Provider finished startup: PluginProvider
1460948108053	addons.manager	DEBUG	Completed startup sequence
1460948108251	DeferredSave.extensions.json	DEBUG	Starting write
1460948108326	addons.repository	DEBUG	No addons.json found.
1460948108327	DeferredSave.addons.json	DEBUG	Save changes
1460948108329	DeferredSave.addons.json	DEBUG	Starting timer
1460948108346	addons.manager	DEBUG	Starting provider: PreviousExperimentProvider
1460948108346	addons.manager	DEBUG	Registering shutdown blocker for PreviousExperimentProvider
1460948108346	addons.manager	DEBUG	Provider finished startup: PreviousExperimentProvider
1460948108347	DeferredSave.extensions.json	DEBUG	Write succeeded
1460948108348	addons.xpi-utils	DEBUG	XPI Database saved, setting schema version preference to 17
1460948108381	DeferredSave.addons.json	DEBUG	Starting write
1460948108414	DeferredSave.addons.json	DEBUG	Write succeeded

Build info: version: '2.48.2', revision: '41bccdd10cf2c0560f637404c2d96164b67d9d67', time: '2015-10-09 13:08:06'
System info: host: 'CNyzhou.local', ip: '10.133.169.234', os.name: 'Mac OS X', os.arch: 'x86_64', os.version: '10.10.5', java.version: '1.7.0_79'
Driver info: driver.version: FirefoxDriver
	at org.openqa.selenium.firefox.internal.NewProfileExtensionConnection.start(NewProfileExtensionConnection.java:135)
	at org.openqa.selenium.firefox.FirefoxDriver.startClient(FirefoxDriver.java:271)
	at org.openqa.selenium.remote.RemoteWebDriver.&lt;init&gt;(RemoteWebDriver.java:117)
	at org.openqa.selenium.firefox.FirefoxDriver.&lt;init&gt;(FirefoxDriver.java:216)
	at org.openqa.selenium.firefox.FirefoxDriver.&lt;init&gt;(FirefoxDriver.java:211)
	at org.openqa.selenium.firefox.FirefoxDriver.&lt;init&gt;(FirefoxDriver.java:207)
	at org.openqa.selenium.firefox.FirefoxDriver.&lt;init&gt;(FirefoxDriver.java:120)
	at functional.kuaishuoquna.HelloMessageJourneyTest.setUp(HelloMessageJourneyTest.java:18)
	at sun.reflect.NativeMethodAccessorImpl.invoke0(Native Method)
	at sun.reflect.NativeMethodAccessorImpl.invoke(NativeMethodAccessorImpl.java:57)
	at sun.reflect.DelegatingMethodAccessorImpl.invoke(DelegatingMethodAccessorImpl.java:43)
	at java.lang.reflect.Method.invoke(Method.java:606)
	at org.junit.runners.model.FrameworkMethod$1.runReflectiveCall(FrameworkMethod.java:47)
	at org.junit.internal.runners.model.ReflectiveCallable.run(ReflectiveCallable.java:12)
	at org.junit.runners.model.FrameworkMethod.invokeExplosively(FrameworkMethod.java:44)
	at org.junit.internal.runners.statements.RunBefores.evaluate(RunBefores.java:24)
	at org.junit.internal.runners.statements.RunAfters.evaluate(RunAfters.java:27)
	at org.junit.runners.ParentRunner.runLeaf(ParentRunner.java:271)
	at org.junit.runners.BlockJUnit4ClassRunner.runChild(BlockJUnit4ClassRunner.java:70)
	at org.junit.runners.BlockJUnit4ClassRunner.runChild(BlockJUnit4ClassRunner.java:50)
	at org.junit.runners.ParentRunner$3.run(ParentRunner.java:238)
	at org.junit.runners.ParentRunner$1.schedule(ParentRunner.java:63)
	at org.junit.runners.ParentRunner.runChildren(ParentRunner.java:236)
	at org.junit.runners.ParentRunner.access$000(ParentRunner.java:53)
	at org.junit.runners.ParentRunner$2.evaluate(ParentRunner.java:229)
	at org.junit.runners.ParentRunner.run(ParentRunner.java:309)
	at org.gradle.api.internal.tasks.testing.junit.JUnitTestClassExecuter.runTestClass(JUnitTestClassExecuter.java:86)
	at org.gradle.api.internal.tasks.testing.junit.JUnitTestClassExecuter.execute(JUnitTestClassExecuter.java:49)
	at org.gradle.api.internal.tasks.testing.junit.JUnitTestClassProcessor.processTestClass(JUnitTestClassProcessor.java:69)
	at org.gradle.api.internal.tasks.testing.SuiteTestClassProcessor.processTestClass(SuiteTestClassProcessor.java:48)
	at sun.reflect.NativeMethodAccessorImpl.invoke0(Native Method)
	at sun.reflect.NativeMethodAccessorImpl.invoke(NativeMethodAccessorImpl.java:57)
	at sun.reflect.DelegatingMethodAccessorImpl.invoke(DelegatingMethodAccessorImpl.java:43)
	at java.lang.reflect.Method.invoke(Method.java:606)
	at org.gradle.messaging.dispatch.ReflectionDispatch.dispatch(ReflectionDispatch.java:35)
	at org.gradle.messaging.dispatch.ReflectionDispatch.dispatch(ReflectionDispatch.java:24)
	at org.gradle.messaging.dispatch.ContextClassLoaderDispatch.dispatch(ContextClassLoaderDispatch.java:32)
	at org.gradle.messaging.dispatch.ProxyDispatchAdapter$DispatchingInvocationHandler.invoke(ProxyDispatchAdapter.java:93)
	at com.sun.proxy.$Proxy2.processTestClass(Unknown Source)
	at org.gradle.api.internal.tasks.testing.worker.TestWorker.processTestClass(TestWorker.java:105)
	at sun.reflect.NativeMethodAccessorImpl.invoke0(Native Method)
	at sun.reflect.NativeMethodAccessorImpl.invoke(NativeMethodAccessorImpl.java:57)
	at sun.reflect.DelegatingMethodAccessorImpl.invoke(DelegatingMethodAccessorImpl.java:43)
	at java.lang.reflect.Method.invoke(Method.java:606)
	at org.gradle.messaging.dispatch.ReflectionDispatch.dispatch(ReflectionDispatch.java:35)
	at org.gradle.messaging.dispatch.ReflectionDispatch.dispatch(ReflectionDispatch.java:24)
	at org.gradle.messaging.remote.internal.hub.MessageHub$Handler.run(MessageHub.java:355)
	at org.gradle.internal.concurrent.DefaultExecutorFactory$StoppableExecutorImpl$1.run(DefaultExecutorFactory.java:64)
	at java.util.concurrent.ThreadPoolExecutor.runWorker(ThreadPoolExecutor.java:1145)
	at java.util.concurrent.ThreadPoolExecutor$Worker.run(ThreadPoolExecutor.java:615)
	at java.lang.Thread.run(Thread.java:745)
Caused by: org.openqa.selenium.firefox.NotConnectedException: Unable to connect to host 127.0.0.1 on port 7055 after 45000 ms. Firefox console output:
oreignInstall&quot;:false,&quot;hasBinaryComponents&quot;:false,&quot;strictCompatibility&quot;:false,&quot;locales&quot;:[],&quot;targetApplications&quot;:[{&quot;id&quot;:&quot;{ec8030f7-c20a-464f-9b0e-13a3a9e97384}&quot;,&quot;minVersion&quot;:&quot;45.0a1&quot;,&quot;maxVersion&quot;:&quot;45.0.1&quot;},{&quot;id&quot;:&quot;xpcshell@tests.mozilla.org&quot;,&quot;minVersion&quot;:&quot;0&quot;,&quot;maxVersion&quot;:&quot;10&quot;}],&quot;targetPlatforms&quot;:[],&quot;multiprocessCompatible&quot;:false,&quot;seen&quot;:true}
1460948108030	addons.xpi	DEBUG	getModTime: Recursive scan of loop@mozilla.org
1460948108030	addons.xpi	DEBUG	Updating XPIState for {&quot;id&quot;:&quot;{972ce4c6-7e08-4474-a285-3208198ce6fd}&quot;,&quot;syncGUID&quot;:&quot;OoQMx_E2GQOi&quot;,&quot;location&quot;:&quot;app-global&quot;,&quot;version&quot;:&quot;45.0.1&quot;,&quot;type&quot;:&quot;theme&quot;,&quot;internalName&quot;:&quot;classic/1.0&quot;,&quot;updateURL&quot;:null,&quot;updateKey&quot;:null,&quot;optionsURL&quot;:null,&quot;optionsType&quot;:null,&quot;aboutURL&quot;:null,&quot;icons&quot;:{&quot;32&quot;:&quot;icon.png&quot;,&quot;48&quot;:&quot;icon.png&quot;},&quot;iconURL&quot;:null,&quot;icon64URL&quot;:null,&quot;defaultLocale&quot;:{&quot;name&quot;:&quot;Default&quot;,&quot;description&quot;:&quot;The default theme.&quot;,&quot;creator&quot;:&quot;Mozilla&quot;,&quot;homepageURL&quot;:null,&quot;contributors&quot;:[&quot;Mozilla Contributors&quot;]},&quot;visible&quot;:true,&quot;active&quot;:true,&quot;userDisabled&quot;:false,&quot;appDisabled&quot;:false,&quot;descriptor&quot;:&quot;/Applications/Firefox.app/Contents/Resources/browser/extensions/{972ce4c6-7e08-4474-a285-3208198ce6fd}.xpi&quot;,&quot;installDate&quot;:1459510483000,&quot;updateDate&quot;:1459510483000,&quot;applyBackgroundUpdates&quot;:1,&quot;skinnable&quot;:true,&quot;size&quot;:7140,&quot;sourceURI&quot;:null,&quot;releaseNotesURI&quot;:null,&quot;softDisabled&quot;:false,&quot;foreignInstall&quot;:false,&quot;hasBinaryComponents&quot;:false,&quot;strictCompatibility&quot;:true,&quot;locales&quot;:[],&quot;targetApplications&quot;:[{&quot;id&quot;:&quot;{ec8030f7-c20a-464f-9b0e-13a3a9e97384}&quot;,&quot;minVersion&quot;:&quot;45.0.1&quot;,&quot;maxVersion&quot;:&quot;45.0.1&quot;}],&quot;targetPlatforms&quot;:[],&quot;seen&quot;:true}
1460948108030	addons.xpi	DEBUG	getModTime: Recursive scan of {972ce4c6-7e08-4474-a285-3208198ce6fd}
1460948108030	DeferredSave.extensions.json	DEBUG	Save changes
1460948108031	addons.xpi	DEBUG	Updating database with changes to installed add-ons
1460948108031	addons.xpi-utils	DEBUG	Updating add-on states
1460948108031	addons.xpi-utils	DEBUG	Writing add-ons list
1460948108032	addons.xpi	DEBUG	Registering manifest for /Applications/Firefox.app/Contents/Resources/browser/features/loop@mozilla.org.xpi
1460948108032	addons.xpi	DEBUG	Calling bootstrap method startup on loop@mozilla.org version 0.1
1460948108040	addons.manager	DEBUG	Starting provider: &lt;unnamed-provider&gt;
1460948108040	addons.manager	DEBUG	Registering shutdown blocker for &lt;unnamed-provider&gt;
1460948108040	addons.manager	DEBUG	Provider finished startup: &lt;unnamed-provider&gt;
1460948108048	addons.manager	DEBUG	Registering shutdown blocker for XPIProvider
1460948108049	addons.manager	DEBUG	Provider finished startup: XPIProvider
1460948108049	addons.manager	DEBUG	Starting provider: LightweightThemeManager
1460948108049	addons.manager	DEBUG	Registering shutdown blocker for LightweightThemeManager
1460948108049	addons.manager	DEBUG	Provider finished startup: LightweightThemeManager
1460948108049	addons.manager	DEBUG	Starting provider: GMPProvider
1460948108052	addons.manager	DEBUG	Registering shutdown blocker for GMPProvider
1460948108052	addons.manager	DEBUG	Provider finished startup: GMPProvider
1460948108053	addons.manager	DEBUG	Starting provider: PluginProvider
1460948108053	addons.manager	DEBUG	Registering shutdown blocker for PluginProvider
1460948108053	addons.manager	DEBUG	Provider finished startup: PluginProvider
1460948108053	addons.manager	DEBUG	Completed startup sequence
1460948108251	DeferredSave.extensions.json	DEBUG	Starting write
1460948108326	addons.repository	DEBUG	No addons.json found.
1460948108327	DeferredSave.addons.json	DEBUG	Save changes
1460948108329	DeferredSave.addons.json	DEBUG	Starting timer
1460948108346	addons.manager	DEBUG	Starting provider: PreviousExperimentProvider
1460948108346	addons.manager	DEBUG	Registering shutdown blocker for PreviousExperimentProvider
1460948108346	addons.manager	DEBUG	Provider finished startup: PreviousExperimentProvider
1460948108347	DeferredSave.extensions.json	DEBUG	Write succeeded
1460948108348	addons.xpi-utils	DEBUG	XPI Database saved, setting schema version preference to 17
1460948108381	DeferredSave.addons.json	DEBUG	Starting write
1460948108414	DeferredSave.addons.json	DEBUG	Write succeeded

	at org.openqa.selenium.firefox.internal.NewProfileExtensionConnection.start(NewProfileExtensionConnection.java:123)
	... 50 more
</failure>
    <failure message="java.lang.NullPointerException" type="java.lang.NullPointerException">java.lang.NullPointerException
	at functional.kuaishuoquna.HelloMessageJourneyTest.tearDown(HelloMessageJourneyTest.java:32)
	at sun.reflect.NativeMethodAccessorImpl.invoke0(Native Method)
	at sun.reflect.NativeMethodAccessorImpl.invoke(NativeMethodAccessorImpl.java:57)
	at sun.reflect.DelegatingMethodAccessorImpl.invoke(DelegatingMethodAccessorImpl.java:43)
	at java.lang.reflect.Method.invoke(Method.java:606)
	at org.junit.runners.model.FrameworkMethod$1.runReflectiveCall(FrameworkMethod.java:47)
	at org.junit.internal.runners.model.ReflectiveCallable.run(ReflectiveCallable.java:12)
	at org.junit.runners.model.FrameworkMethod.invokeExplosively(FrameworkMethod.java:44)
	at org.junit.internal.runners.statements.RunAfters.evaluate(RunAfters.java:33)
	at org.junit.runners.ParentRunner.runLeaf(ParentRunner.java:271)
	at org.junit.runners.BlockJUnit4ClassRunner.runChild(BlockJUnit4ClassRunner.java:70)
	at org.junit.runners.BlockJUnit4ClassRunner.runChild(BlockJUnit4ClassRunner.java:50)
	at org.junit.runners.ParentRunner$3.run(ParentRunner.java:238)
	at org.junit.runners.ParentRunner$1.schedule(ParentRunner.java:63)
	at org.junit.runners.ParentRunner.runChildren(ParentRunner.java:236)
	at org.junit.runners.ParentRunner.access$000(ParentRunner.java:53)
	at org.junit.runners.ParentRunner$2.evaluate(ParentRunner.java:229)
	at org.junit.runners.ParentRunner.run(ParentRunner.java:309)
	at org.gradle.api.internal.tasks.testing.junit.JUnitTestClassExecuter.runTestClass(JUnitTestClassExecuter.java:86)
	at org.gradle.api.internal.tasks.testing.junit.JUnitTestClassExecuter.execute(JUnitTestClassExecuter.java:49)
	at org.gradle.api.internal.tasks.testing.junit.JUnitTestClassProcessor.processTestClass(JUnitTestClassProcessor.java:69)
	at org.gradle.api.internal.tasks.testing.SuiteTestClassProcessor.processTestClass(SuiteTestClassProcessor.java:48)
	at sun.reflect.NativeMethodAccessorImpl.invoke0(Native Method)
	at sun.reflect.NativeMethodAccessorImpl.invoke(NativeMethodAccessorImpl.java:57)
	at sun.reflect.DelegatingMethodAccessorImpl.invoke(DelegatingMethodAccessorImpl.java:43)
	at java.lang.reflect.Method.invoke(Method.java:606)
	at org.gradle.messaging.dispatch.ReflectionDispatch.dispatch(ReflectionDispatch.java:35)
	at org.gradle.messaging.dispatch.ReflectionDispatch.dispatch(ReflectionDispatch.java:24)
	at org.gradle.messaging.dispatch.ContextClassLoaderDispatch.dispatch(ContextClassLoaderDispatch.java:32)
	at org.gradle.messaging.dispatch.ProxyDispatchAdapter$DispatchingInvocationHandler.invoke(ProxyDispatchAdapter.java:93)
	at com.sun.proxy.$Proxy2.processTestClass(Unknown Source)
	at org.gradle.api.internal.tasks.testing.worker.TestWorker.processTestClass(TestWorker.java:105)
	at sun.reflect.NativeMethodAccessorImpl.invoke0(Native Method)
	at sun.reflect.NativeMethodAccessorImpl.invoke(NativeMethodAccessorImpl.java:57)
	at sun.reflect.DelegatingMethodAccessorImpl.invoke(DelegatingMethodAccessorImpl.java:43)
	at java.lang.reflect.Method.invoke(Method.java:606)
	at org.gradle.messaging.dispatch.ReflectionDispatch.dispatch(ReflectionDispatch.java:35)
	at org.gradle.messaging.dispatch.ReflectionDispatch.dispatch(ReflectionDispatch.java:24)
	at org.gradle.messaging.remote.internal.hub.MessageHub$Handler.run(MessageHub.java:355)
	at org.gradle.internal.concurrent.DefaultExecutorFactory$StoppableExecutorImpl$1.run(DefaultExecutorFactory.java:64)
	at java.util.concurrent.ThreadPoolExecutor.runWorker(ThreadPoolExecutor.java:1145)
	at java.util.concurrent.ThreadPoolExecutor$Worker.run(ThreadPoolExecutor.java:615)
	at java.lang.Thread.run(Thread.java:745)
</failure>
  </testcase>
  <system-out><![CDATA[]]></system-out>
  <system-err><![CDATA[org.openqa.selenium.firefox.NotConnectedException: Unable to connect to host 127.0.0.1 on port 7055 after 45000 ms. Firefox console output:
oreignInstall":false,"hasBinaryComponents":false,"strictCompatibility":false,"locales":[],"targetApplications":[{"id":"{ec8030f7-c20a-464f-9b0e-13a3a9e97384}","minVersion":"45.0a1","maxVersion":"45.0.1"},{"id":"xpcshell@tests.mozilla.org","minVersion":"0","maxVersion":"10"}],"targetPlatforms":[],"multiprocessCompatible":false,"seen":true}
1460948108030	addons.xpi	DEBUG	getModTime: Recursive scan of loop@mozilla.org
1460948108030	addons.xpi	DEBUG	Updating XPIState for {"id":"{972ce4c6-7e08-4474-a285-3208198ce6fd}","syncGUID":"OoQMx_E2GQOi","location":"app-global","version":"45.0.1","type":"theme","internalName":"classic/1.0","updateURL":null,"updateKey":null,"optionsURL":null,"optionsType":null,"aboutURL":null,"icons":{"32":"icon.png","48":"icon.png"},"iconURL":null,"icon64URL":null,"defaultLocale":{"name":"Default","description":"The default theme.","creator":"Mozilla","homepageURL":null,"contributors":["Mozilla Contributors"]},"visible":true,"active":true,"userDisabled":false,"appDisabled":false,"descriptor":"/Applications/Firefox.app/Contents/Resources/browser/extensions/{972ce4c6-7e08-4474-a285-3208198ce6fd}.xpi","installDate":1459510483000,"updateDate":1459510483000,"applyBackgroundUpdates":1,"skinnable":true,"size":7140,"sourceURI":null,"releaseNotesURI":null,"softDisabled":false,"foreignInstall":false,"hasBinaryComponents":false,"strictCompatibility":true,"locales":[],"targetApplications":[{"id":"{ec8030f7-c20a-464f-9b0e-13a3a9e97384}","minVersion":"45.0.1","maxVersion":"45.0.1"}],"targetPlatforms":[],"seen":true}
1460948108030	addons.xpi	DEBUG	getModTime: Recursive scan of {972ce4c6-7e08-4474-a285-3208198ce6fd}
1460948108030	DeferredSave.extensions.json	DEBUG	Save changes
1460948108031	addons.xpi	DEBUG	Updating database with changes to installed add-ons
1460948108031	addons.xpi-utils	DEBUG	Updating add-on states
1460948108031	addons.xpi-utils	DEBUG	Writing add-ons list
1460948108032	addons.xpi	DEBUG	Registering manifest for /Applications/Firefox.app/Contents/Resources/browser/features/loop@mozilla.org.xpi
1460948108032	addons.xpi	DEBUG	Calling bootstrap method startup on loop@mozilla.org version 0.1
1460948108040	addons.manager	DEBUG	Starting provider: <unnamed-provider>
1460948108040	addons.manager	DEBUG	Registering shutdown blocker for <unnamed-provider>
1460948108040	addons.manager	DEBUG	Provider finished startup: <unnamed-provider>
1460948108048	addons.manager	DEBUG	Registering shutdown blocker for XPIProvider
1460948108049	addons.manager	DEBUG	Provider finished startup: XPIProvider
1460948108049	addons.manager	DEBUG	Starting provider: LightweightThemeManager
1460948108049	addons.manager	DEBUG	Registering shutdown blocker for LightweightThemeManager
1460948108049	addons.manager	DEBUG	Provider finished startup: LightweightThemeManager
1460948108049	addons.manager	DEBUG	Starting provider: GMPProvider
1460948108052	addons.manager	DEBUG	Registering shutdown blocker for GMPProvider
1460948108052	addons.manager	DEBUG	Provider finished startup: GMPProvider
1460948108053	addons.manager	DEBUG	Starting provider: PluginProvider
1460948108053	addons.manager	DEBUG	Registering shutdown blocker for PluginProvider
1460948108053	addons.manager	DEBUG	Provider finished startup: PluginProvider
1460948108053	addons.manager	DEBUG	Completed startup sequence
1460948108251	DeferredSave.extensions.json	DEBUG	Starting write
1460948108326	addons.repository	DEBUG	No addons.json found.
1460948108327	DeferredSave.addons.json	DEBUG	Save changes
1460948108329	DeferredSave.addons.json	DEBUG	Starting timer
1460948108346	addons.manager	DEBUG	Starting provider: PreviousExperimentProvider
1460948108346	addons.manager	DEBUG	Registering shutdown blocker for PreviousExperimentProvider
1460948108346	addons.manager	DEBUG	Provider finished startup: PreviousExperimentProvider
1460948108347	DeferredSave.extensions.json	DEBUG	Write succeeded
1460948108348	addons.xpi-utils	DEBUG	XPI Database saved, setting schema version preference to 17
1460948108381	DeferredSave.addons.json	DEBUG	Starting write
1460948108414	DeferredSave.addons.json	DEBUG	Write succeeded

	at org.openqa.selenium.firefox.internal.NewProfileExtensionConnection.start(NewProfileExtensionConnection.java:123)
	at org.openqa.selenium.firefox.FirefoxDriver.startClient(FirefoxDriver.java:271)
	at org.openqa.selenium.remote.RemoteWebDriver.<init>(RemoteWebDriver.java:117)
	at org.openqa.selenium.firefox.FirefoxDriver.<init>(FirefoxDriver.java:216)
	at org.openqa.selenium.firefox.FirefoxDriver.<init>(FirefoxDriver.java:211)
	at org.openqa.selenium.firefox.FirefoxDriver.<init>(FirefoxDriver.java:207)
	at org.openqa.selenium.firefox.FirefoxDriver.<init>(FirefoxDriver.java:120)
	at functional.kuaishuoquna.HelloMessageJourneyTest.setUp(HelloMessageJourneyTest.java:18)
	at sun.reflect.NativeMethodAccessorImpl.invoke0(Native Method)
	at sun.reflect.NativeMethodAccessorImpl.invoke(NativeMethodAccessorImpl.java:57)
	at sun.reflect.DelegatingMethodAccessorImpl.invoke(DelegatingMethodAccessorImpl.java:43)
	at java.lang.reflect.Method.invoke(Method.java:606)
	at org.junit.runners.model.FrameworkMethod$1.runReflectiveCall(FrameworkMethod.java:47)
	at org.junit.internal.runners.model.ReflectiveCallable.run(ReflectiveCallable.java:12)
	at org.junit.runners.model.FrameworkMethod.invokeExplosively(FrameworkMethod.java:44)
	at org.junit.internal.runners.statements.RunBefores.evaluate(RunBefores.java:24)
	at org.junit.internal.runners.statements.RunAfters.evaluate(RunAfters.java:27)
	at org.junit.runners.ParentRunner.runLeaf(ParentRunner.java:271)
	at org.junit.runners.BlockJUnit4ClassRunner.runChild(BlockJUnit4ClassRunner.java:70)
	at org.junit.runners.BlockJUnit4ClassRunner.runChild(BlockJUnit4ClassRunner.java:50)
	at org.junit.runners.ParentRunner$3.run(ParentRunner.java:238)
	at org.junit.runners.ParentRunner$1.schedule(ParentRunner.java:63)
	at org.junit.runners.ParentRunner.runChildren(ParentRunner.java:236)
	at org.junit.runners.ParentRunner.access$000(ParentRunner.java:53)
	at org.junit.runners.ParentRunner$2.evaluate(ParentRunner.java:229)
	at org.junit.runners.ParentRunner.run(ParentRunner.java:309)
	at org.gradle.api.internal.tasks.testing.junit.JUnitTestClassExecuter.runTestClass(JUnitTestClassExecuter.java:86)
	at org.gradle.api.internal.tasks.testing.junit.JUnitTestClassExecuter.execute(JUnitTestClassExecuter.java:49)
	at org.gradle.api.internal.tasks.testing.junit.JUnitTestClassProcessor.processTestClass(JUnitTestClassProcessor.java:69)
	at org.gradle.api.internal.tasks.testing.SuiteTestClassProcessor.processTestClass(SuiteTestClassProcessor.java:48)
	at sun.reflect.NativeMethodAccessorImpl.invoke0(Native Method)
	at sun.reflect.NativeMethodAccessorImpl.invoke(NativeMethodAccessorImpl.java:57)
	at sun.reflect.DelegatingMethodAccessorImpl.invoke(DelegatingMethodAccessorImpl.java:43)
	at java.lang.reflect.Method.invoke(Method.java:606)
	at org.gradle.messaging.dispatch.ReflectionDispatch.dispatch(ReflectionDispatch.java:35)
	at org.gradle.messaging.dispatch.ReflectionDispatch.dispatch(ReflectionDispatch.java:24)
	at org.gradle.messaging.dispatch.ContextClassLoaderDispatch.dispatch(ContextClassLoaderDispatch.java:32)
	at org.gradle.messaging.dispatch.ProxyDispatchAdapter$DispatchingInvocationHandler.invoke(ProxyDispatchAdapter.java:93)
	at com.sun.proxy.$Proxy2.processTestClass(Unknown Source)
	at org.gradle.api.internal.tasks.testing.worker.TestWorker.processTestClass(TestWorker.java:105)
	at sun.reflect.NativeMethodAccessorImpl.invoke0(Native Method)
	at sun.reflect.NativeMethodAccessorImpl.invoke(NativeMethodAccessorImpl.java:57)
	at sun.reflect.DelegatingMethodAccessorImpl.invoke(DelegatingMethodAccessorImpl.java:43)
	at java.lang.reflect.Method.invoke(Method.java:606)
	at org.gradle.messaging.dispatch.ReflectionDispatch.dispatch(ReflectionDispatch.java:35)
	at org.gradle.messaging.dispatch.ReflectionDispatch.dispatch(ReflectionDispatch.java:24)
	at org.gradle.messaging.remote.internal.hub.MessageHub$Handler.run(MessageHub.java:355)
	at org.gradle.internal.concurrent.DefaultExecutorFactory$StoppableExecutorImpl$1.run(DefaultExecutorFactory.java:64)
	at java.util.concurrent.ThreadPoolExecutor.runWorker(ThreadPoolExecutor.java:1145)
	at java.util.concurrent.ThreadPoolExecutor$Worker.run(ThreadPoolExecutor.java:615)
	at java.lang.Thread.run(Thread.java:745)
]]></system-err>
</testsuite>
